Using pre-set license
Built from '2020.3/release' branch; Version is '2020.3.34f1 (9a4c9c70452b) revision 10112156'; Using compiler version '192528614'; Build Type 'Release'
OS: 'Windows 11  (10.0.22631) 64bit Core' Language: 'fr' Physical Memory: 16167 MB
BatchMode: 1, IsHumanControllingUs: 0, StartBugReporterOnCrash: 0, Is64bit: 1, IsPro: 0

COMMAND LINE ARGUMENTS:
C:\Program Files\Unity\Hub\Editor\2020.3.34f1\Editor\Unity.exe
-adb2
-batchMode
-noUpm
-name
AssetImportWorker0
-projectPath
C:/Users/ordinateur/OneDrive/IGD/HCI-902a XR/Git/XRcourse/TutoXR
-logFile
Logs/AssetImportWorker0.log
-srvPort
52268
Successfully changed project path to: C:/Users/ordinateur/OneDrive/IGD/HCI-902a XR/Git/XRcourse/TutoXR
C:/Users/ordinateur/OneDrive/IGD/HCI-902a XR/Git/XRcourse/TutoXR
Using Asset Import Pipeline V2.
Refreshing native plugins compatible for Editor in 33.82 ms, found 2 plugins.
Preloading 0 native plugins for Editor in 0.00 ms.
Initialize engine version: 2020.3.34f1 (9a4c9c70452b)
[Subsystems] Discovering subsystems at path C:/Program Files/Unity/Hub/Editor/2020.3.34f1/Editor/Data/Resources/UnitySubsystems
[Subsystems] Discovering subsystems at path C:/Users/ordinateur/OneDrive/IGD/HCI-902a XR/Git/XRcourse/TutoXR/Assets
GfxDevice: creating device client; threaded=0
Direct3D:
    Version:  Direct3D 11.0 [level 11.1]
    Renderer: NVIDIA GeForce MX450 (ID=0x1f97)
    Vendor:   
    VRAM:     1920 MB
    Driver:   31.0.15.2656
Initialize mono
Mono path[0] = 'C:/Program Files/Unity/Hub/Editor/2020.3.34f1/Editor/Data/Managed'
Mono path[1] = 'C:/Program Files/Unity/Hub/Editor/2020.3.34f1/Editor/Data/MonoBleedingEdge/lib/mono/unityjit'
Mono config path = 'C:/Program Files/Unity/Hub/Editor/2020.3.34f1/Editor/Data/MonoBleedingEdge/etc'
Using monoOptions --debugger-agent=transport=dt_socket,embedding=1,server=y,suspend=n,address=127.0.0.1:56848
Begin MonoManager ReloadAssembly
Registering precompiled unity dll's ...
Register platform support module: C:/Program Files/Unity/Hub/Editor/2020.3.34f1/Editor/Data/PlaybackEngines/WindowsStandaloneSupport/UnityEditor.WindowsStandalone.Extensions.dll
Registered in 0.001257 seconds.
Native extension for WindowsStandalone target not found
Refreshing native plugins compatible for Editor in 24.76 ms, found 2 plugins.
Preloading 0 native plugins for Editor in 0.00 ms.
Mono: successfully reloaded assembly
- Completed reload, in  0.427 seconds
Domain Reload Profiling:
	ReloadAssembly (427ms)
		BeginReloadAssembly (47ms)
			ExecutionOrderSort (0ms)
			DisableScriptedObjects (0ms)
			BackupInstance (0ms)
			ReleaseScriptingObjects (0ms)
			CreateAndSetChildDomain (1ms)
		EndReloadAssembly (325ms)
			LoadAssemblies (46ms)
			RebuildTransferFunctionScriptingTraits (0ms)
			SetupTypeCache (105ms)
			ReleaseScriptCaches (0ms)
			RebuildScriptCaches (25ms)
			SetupLoadedEditorAssemblies (118ms)
				LogAssemblyErrors (0ms)
				InitializePlatformSupportModulesInManaged (3ms)
				SetLoadedEditorAssemblies (0ms)
				RefreshPlugins (25ms)
				BeforeProcessingInitializeOnLoad (6ms)
				ProcessInitializeOnLoadAttributes (62ms)
				ProcessInitializeOnLoadMethodAttributes (21ms)
				AfterProcessingInitializeOnLoad (0ms)
				EditorAssembliesLoaded (0ms)
			ExecutionOrderSort2 (0ms)
			AwakeInstancesAfterBackupRestoration (0ms)
Platform modules already initialized, skipping
Registering precompiled user dll's ...
Registered in 0.003295 seconds.
Begin MonoManager ReloadAssembly
Native extension for WindowsStandalone target not found
Refreshing native plugins compatible for Editor in 0.33 ms, found 2 plugins.
Preloading 0 native plugins for Editor in 0.00 ms.
[Build Check] RegisterBuildPlayerHandler,Already Do not show: False
UnityEngine.StackTraceUtility:ExtractStackTrace ()
UnityEngine.DebugLogHandler:LogFormat (UnityEngine.LogType,UnityEngine.Object,string,object[])
UnityEngine.Logger:Log (UnityEngine.LogType,object)
UnityEngine.Debug:Log (object)
Unity.XR.PXR.Editor.PXR_SDKBuildCheck:.cctor () (at PicoUnityXRSDK/Editor/PXR_SDKBuildCheck.cs:35)
System.Runtime.CompilerServices.RuntimeHelpers:RunClassConstructor (System.RuntimeTypeHandle)
UnityEditor.EditorAssemblies:ProcessInitializeOnLoadAttributes (System.Type[])

(Filename: PicoUnityXRSDK/Editor/PXR_SDKBuildCheck.cs Line: 35)

Mono: successfully reloaded assembly
- Completed reload, in  0.750 seconds
Domain Reload Profiling:
	ReloadAssembly (751ms)
		BeginReloadAssembly (108ms)
			ExecutionOrderSort (0ms)
			DisableScriptedObjects (4ms)
			BackupInstance (0ms)
			ReleaseScriptingObjects (0ms)
			CreateAndSetChildDomain (16ms)
		EndReloadAssembly (600ms)
			LoadAssemblies (68ms)
			RebuildTransferFunctionScriptingTraits (0ms)
			SetupTypeCache (186ms)
			ReleaseScriptCaches (0ms)
			RebuildScriptCaches (34ms)
			SetupLoadedEditorAssemblies (253ms)
				LogAssemblyErrors (0ms)
				InitializePlatformSupportModulesInManaged (3ms)
				SetLoadedEditorAssemblies (1ms)
				RefreshPlugins (0ms)
				BeforeProcessingInitializeOnLoad (47ms)
				ProcessInitializeOnLoadAttributes (185ms)
				ProcessInitializeOnLoadMethodAttributes (12ms)
				AfterProcessingInitializeOnLoad (4ms)
				EditorAssembliesLoaded (0ms)
			ExecutionOrderSort2 (0ms)
			AwakeInstancesAfterBackupRestoration (1ms)
Platform modules already initialized, skipping
========================================================================
Worker process is ready to serve import requests
Launched and connected shader compiler UnityShaderCompiler.exe after 0.06 seconds
Refreshing native plugins compatible for Editor in 0.54 ms, found 2 plugins.
Preloading 0 native plugins for Editor in 0.00 ms.
Unloading 1748 Unused Serialized files (Serialized files now loaded: 0)
System memory in use before: 77.5 MB.
System memory in use after: 77.6 MB.

Unloading 19 unused Assets to reduce memory usage. Loaded Objects now: 2182.
Total: 2.273400 ms (FindLiveObjects: 0.104000 ms CreateObjectMapping: 0.033100 ms MarkObjects: 2.052100 ms  DeleteObjects: 0.083000 ms)

AssetImportParameters requested are different than current active one (requested -> active):
  custom:framework-win-MediaFoundation: 216162199b28c13a410421893ffa2e32 -> 
  custom:video-decoder-ogg-theora: a1e56fd34408186e4bbccfd4996cb3dc -> 
  custom:container-muxer-webm: aa71ff27fc2769a1b78a27578f13a17b -> 
  custom:container-demuxer-webm: 4f35f7cbe854078d1ac9338744f61a02 -> 
  custom:container-demuxer-ogg: 62fdf1f143b41e24485cea50d1cbac27 -> 
  custom:video-encoder-webm-vp8: eb34c28f22e8b96e1ab97ce403110664 -> 
  custom:video-codec-MediaFoundation-h265: 746d11721c4dcdbdad8f713fa42b33f4 -> 
  custom:video-decoder-webm-vp8: 9c59270c3fd7afecdb556c50c9e8de78 -> 
  custom:audio-decoder-ogg-vorbis: bf7c407c2cedff20999df2af8eb42d56 -> 
  custom:audio-encoder-webm-vorbis: bf7c407c2cedff20999df2af8eb42d56 -> 
========================================================================
Received Import Request.
  path: Assets/XR/Settings/PXR Settings.asset
  artifactKey: Guid(55bed2d50d644694fb3454cfd39fde7a) Importer(815301076,1909f56bfc062723c751e8b465ee728b)
Start importing Assets/XR/Settings/PXR Settings.asset using Guid(55bed2d50d644694fb3454cfd39fde7a) Importer(815301076,1909f56bfc062723c751e8b465ee728b)  -> (artifact id: '8c02b61094641b69aca9206279c300f1') in 0.026624 seconds 
========================================================================
Received Import Request.
  Time since last request: 0.001697 seconds.
  path: Assets/XR/Loaders/PXR Loader.asset
  artifactKey: Guid(a45a498dab84bdd44b6bc2b4bcedbe52) Importer(815301076,1909f56bfc062723c751e8b465ee728b)
Start importing Assets/XR/Loaders/PXR Loader.asset using Guid(a45a498dab84bdd44b6bc2b4bcedbe52) Importer(815301076,1909f56bfc062723c751e8b465ee728b)  -> (artifact id: 'c4378c8e229a82bb623e7a0f8fd32019') in 0.004717 seconds 
========================================================================
Received Import Request.
  Time since last request: 1.244254 seconds.
  path: Assets/XR/XRGeneralSettings.asset
  artifactKey: Guid(ab28af02026aa414b806c4d9db042f09) Importer(815301076,1909f56bfc062723c751e8b465ee728b)
Start importing Assets/XR/XRGeneralSettings.asset using Guid(ab28af02026aa414b806c4d9db042f09) Importer(815301076,1909f56bfc062723c751e8b465ee728b)  -> (artifact id: '9f16086229795de28b176d31de493021') in 0.007877 seconds 
========================================================================
Received Import Request.
  Time since last request: 44.642197 seconds.
  path: Packages/com.unity.ext.nunit/package.json
  artifactKey: Guid(8143d3a8390f2c64685e3bc272bd9e90) Importer(815301076,1909f56bfc062723c751e8b465ee728b)
Start importing Packages/com.unity.ext.nunit/package.json using Guid(8143d3a8390f2c64685e3bc272bd9e90) Importer(815301076,1909f56bfc062723c751e8b465ee728b)  -> (artifact id: '36f449bd9ed4a92e06d659da724da745') in 0.010129 seconds 
========================================================================
Received Prepare
Switching build target platform(13) subTarget(537395200) extendedPlatform(0) -> platform(13) subTarget(524288) extendedPlatform(0)
Refreshing native plugins compatible for Editor in 3.02 ms, found 2 plugins.
Preloading 0 native plugins for Editor in 0.00 ms.
Unloading 10 Unused Serialized files (Serialized files now loaded: 0)
System memory in use before: 42.6 MB.
System memory in use after: 42.7 MB.

Unloading 10 unused Assets to reduce memory usage. Loaded Objects now: 2182.
Total: 2.868700 ms (FindLiveObjects: 0.103300 ms CreateObjectMapping: 0.028200 ms MarkObjects: 2.678600 ms  DeleteObjects: 0.057900 ms)

AssetImportParameters requested are different than current active one (requested -> active):
  buildTarget: platform 13, subtarget 524288, extendedPlatform 0 -> platform 13, subtarget 537395200, extendedPlatform 0
  graphicsApiMask: 2048 -> 2099200
  custom:framework-win-MediaFoundation: 216162199b28c13a410421893ffa2e32 -> 
  custom:video-decoder-ogg-theora: a1e56fd34408186e4bbccfd4996cb3dc -> 
  custom:container-muxer-webm: aa71ff27fc2769a1b78a27578f13a17b -> 
  custom:container-demuxer-webm: 4f35f7cbe854078d1ac9338744f61a02 -> 
  custom:container-demuxer-ogg: 62fdf1f143b41e24485cea50d1cbac27 -> 
  custom:video-encoder-webm-vp8: eb34c28f22e8b96e1ab97ce403110664 -> 
  custom:video-codec-MediaFoundation-h265: 746d11721c4dcdbdad8f713fa42b33f4 -> 
  custom:video-decoder-webm-vp8: 9c59270c3fd7afecdb556c50c9e8de78 -> 
  custom:audio-decoder-ogg-vorbis: bf7c407c2cedff20999df2af8eb42d56 -> 
  custom:audio-encoder-webm-vorbis: bf7c407c2cedff20999df2af8eb42d56 -> 
========================================================================
Received Prepare
Registering precompiled user dll's ...
Registered in 0.003541 seconds.
Begin MonoManager ReloadAssembly
Native extension for WindowsStandalone target not found
Refreshing native plugins compatible for Editor in 0.90 ms, found 2 plugins.
Preloading 0 native plugins for Editor in 0.00 ms.
[Build Check] RegisterBuildPlayerHandler,Already Do not show: False
UnityEngine.StackTraceUtility:ExtractStackTrace ()
UnityEngine.DebugLogHandler:LogFormat (UnityEngine.LogType,UnityEngine.Object,string,object[])
UnityEngine.Logger:Log (UnityEngine.LogType,object)
UnityEngine.Debug:Log (object)
Unity.XR.PXR.Editor.PXR_SDKBuildCheck:.cctor () (at PicoUnityXRSDK/Editor/PXR_SDKBuildCheck.cs:35)
System.Runtime.CompilerServices.RuntimeHelpers:RunClassConstructor (System.RuntimeTypeHandle)
UnityEditor.EditorAssemblies:ProcessInitializeOnLoadAttributes (System.Type[])

(Filename: PicoUnityXRSDK/Editor/PXR_SDKBuildCheck.cs Line: 35)

Mono: successfully reloaded assembly
- Completed reload, in  0.970 seconds
Domain Reload Profiling:
	ReloadAssembly (971ms)
		BeginReloadAssembly (100ms)
			ExecutionOrderSort (0ms)
			DisableScriptedObjects (4ms)
			BackupInstance (0ms)
			ReleaseScriptingObjects (0ms)
			CreateAndSetChildDomain (29ms)
		EndReloadAssembly (819ms)
			LoadAssemblies (81ms)
			RebuildTransferFunctionScriptingTraits (0ms)
			SetupTypeCache (267ms)
			ReleaseScriptCaches (1ms)
			RebuildScriptCaches (34ms)
			SetupLoadedEditorAssemblies (341ms)
				LogAssemblyErrors (0ms)
				InitializePlatformSupportModulesInManaged (8ms)
				SetLoadedEditorAssemblies (1ms)
				RefreshPlugins (1ms)
				BeforeProcessingInitializeOnLoad (62ms)
				ProcessInitializeOnLoadAttributes (245ms)
				ProcessInitializeOnLoadMethodAttributes (18ms)
				AfterProcessingInitializeOnLoad (6ms)
				EditorAssembliesLoaded (0ms)
			ExecutionOrderSort2 (0ms)
			AwakeInstancesAfterBackupRestoration (2ms)
Platform modules already initialized, skipping
Switching build target platform(19) subTarget(0) extendedPlatform(0) -> platform(13) subTarget(524288) extendedPlatform(0)
Refreshing native plugins compatible for Editor in 0.64 ms, found 2 plugins.
Preloading 0 native plugins for Editor in 0.00 ms.
Unloading 1735 Unused Serialized files (Serialized files now loaded: 0)
System memory in use before: 76.8 MB.
System memory in use after: 76.9 MB.

Unloading 14 unused Assets to reduce memory usage. Loaded Objects now: 2186.
Total: 3.085700 ms (FindLiveObjects: 0.203000 ms CreateObjectMapping: 0.040300 ms MarkObjects: 2.751000 ms  DeleteObjects: 0.088800 ms)

AssetImportParameters requested are different than current active one (requested -> active):
  buildTarget: platform 13, subtarget 524288, extendedPlatform 0 -> platform 13, subtarget 537395200, extendedPlatform 0
  graphicsApiMask: 2048 -> 2099200
  custom:framework-win-MediaFoundation: 216162199b28c13a410421893ffa2e32 -> 
  custom:video-decoder-ogg-theora: a1e56fd34408186e4bbccfd4996cb3dc -> 
  custom:container-muxer-webm: aa71ff27fc2769a1b78a27578f13a17b -> 
  custom:container-demuxer-webm: 4f35f7cbe854078d1ac9338744f61a02 -> 
  custom:container-demuxer-ogg: 62fdf1f143b41e24485cea50d1cbac27 -> 
  custom:video-encoder-webm-vp8: eb34c28f22e8b96e1ab97ce403110664 -> 
  custom:video-codec-MediaFoundation-h265: 746d11721c4dcdbdad8f713fa42b33f4 -> 
  custom:video-decoder-webm-vp8: 9c59270c3fd7afecdb556c50c9e8de78 -> 
  custom:graphics/normal-map-encoding: 01000000000000000000000000000000 -> 02000000000000000000000000000000
  custom:audio-decoder-ogg-vorbis: bf7c407c2cedff20999df2af8eb42d56 -> 
  custom:audio-encoder-webm-vorbis: bf7c407c2cedff20999df2af8eb42d56 -> 
========================================================================
Received Import Request.
  Time since last request: 641.349593 seconds.
  path: Packages/com.unity.xr.picoxr/Assets/Resources/green.mat
  artifactKey: Guid(a8add734d9059af4c9838ae47ddc91e7) Importer(815301076,1909f56bfc062723c751e8b465ee728b)
Start importing Packages/com.unity.xr.picoxr/Assets/Resources/green.mat using Guid(a8add734d9059af4c9838ae47ddc91e7) Importer(815301076,1909f56bfc062723c751e8b465ee728b)  -> (artifact id: '1f5a5e0c038877ba7eda24c5dbbfae63') in 0.255082 seconds 
========================================================================
Received Import Request.
  Time since last request: 0.001287 seconds.
  path: Packages/com.unity.xr.picoxr/Assets/Resources/plane.mat
  artifactKey: Guid(c9713f0bb9fce594ca9c086300752f59) Importer(815301076,1909f56bfc062723c751e8b465ee728b)
Start importing Packages/com.unity.xr.picoxr/Assets/Resources/plane.mat using Guid(c9713f0bb9fce594ca9c086300752f59) Importer(815301076,1909f56bfc062723c751e8b465ee728b)  -> (artifact id: 'ad450e8ed1df20267221bc41ac136aeb') in 0.104406 seconds 
========================================================================
Received Import Request.
  Time since last request: 0.001389 seconds.
  path: Packages/com.unity.xr.picoxr/Assets/Resources/grid.jpg
  artifactKey: Guid(02b48b9ce5077ab4dad3610ab31cec68) Importer(815301076,1909f56bfc062723c751e8b465ee728b)
Start importing Packages/com.unity.xr.picoxr/Assets/Resources/grid.jpg using Guid(02b48b9ce5077ab4dad3610ab31cec68) Importer(815301076,1909f56bfc062723c751e8b465ee728b)  -> (artifact id: '42dcc7ad72955d14f29b1f72d827084e') in 0.050418 seconds 
========================================================================
Received Import Request.
  Time since last request: 0.000864 seconds.
  path: Packages/com.unity.xr.picoxr/Assets/Resources/unlitcontroller.mat
  artifactKey: Guid(ea5d1bb890cef78439598b7062576fa3) Importer(815301076,1909f56bfc062723c751e8b465ee728b)
Start importing Packages/com.unity.xr.picoxr/Assets/Resources/unlitcontroller.mat using Guid(ea5d1bb890cef78439598b7062576fa3) Importer(815301076,1909f56bfc062723c751e8b465ee728b)  -> (artifact id: 'a03c3af110dda0f98e0048846e2d14e3') in 0.052344 seconds 
========================================================================
Received Import Request.
  Time since last request: 0.001839 seconds.
  path: Packages/com.unity.xr.picoxr/Assets/Resources/ProjectSetting.asset
  artifactKey: Guid(a097454a518cee84cbcfb96d1ef766c6) Importer(815301076,1909f56bfc062723c751e8b465ee728b)
Start importing Packages/com.unity.xr.picoxr/Assets/Resources/ProjectSetting.asset using Guid(a097454a518cee84cbcfb96d1ef766c6) Importer(815301076,1909f56bfc062723c751e8b465ee728b)  -> (artifact id: '5d5adb0b7a095d86e64ef415bb256432') in 0.003717 seconds 
========================================================================
Received Import Request.
  Time since last request: 0.000977 seconds.
  path: Packages/com.unity.xr.picoxr/Assets/Resources/PlatformSetting.asset
  artifactKey: Guid(cbbcab4edc124d246ade2919356a46c9) Importer(815301076,1909f56bfc062723c751e8b465ee728b)
Start importing Packages/com.unity.xr.picoxr/Assets/Resources/PlatformSetting.asset using Guid(cbbcab4edc124d246ade2919356a46c9) Importer(815301076,1909f56bfc062723c751e8b465ee728b)  -> (artifact id: 'b87ee5531df7259e201e167334aefd7c') in 0.004972 seconds 
========================================================================
Received Import Request.
  Time since last request: 0.000675 seconds.
  path: Packages/com.unity.xr.picoxr/Assets/Resources/standardcontroller.mat
  artifactKey: Guid(4c2b2924173d4814f886ea72b5c47f69) Importer(815301076,1909f56bfc062723c751e8b465ee728b)
Start importing Packages/com.unity.xr.picoxr/Assets/Resources/standardcontroller.mat using Guid(4c2b2924173d4814f886ea72b5c47f69) Importer(815301076,1909f56bfc062723c751e8b465ee728b)  -> (artifact id: '9fe94998210e21fb051854023105d9d9') in 0.017997 seconds 
========================================================================
Received Import Request.
  Time since last request: 0.000795 seconds.
  path: Packages/com.unity.xr.picoxr/Assets/Resources/UnderlayHole.mat
  artifactKey: Guid(aaee3c9c8cbe51c4b9846a17fb7d1602) Importer(815301076,1909f56bfc062723c751e8b465ee728b)
Start importing Packages/com.unity.xr.picoxr/Assets/Resources/UnderlayHole.mat using Guid(aaee3c9c8cbe51c4b9846a17fb7d1602) Importer(815301076,1909f56bfc062723c751e8b465ee728b)  -> (artifact id: 'ea28c89b48034d017fbe25b54d985ad8') in 0.040351 seconds 
========================================================================
Received Import Request.
  Time since last request: 0.000820 seconds.
  path: Packages/com.unity.xr.picoxr/Assets/Resources/PXR_SDKSettingAsset.asset
  artifactKey: Guid(5e2b63ee88aa8ca44ab82e99b89b49d6) Importer(815301076,1909f56bfc062723c751e8b465ee728b)
Start importing Packages/com.unity.xr.picoxr/Assets/Resources/PXR_SDKSettingAsset.asset using Guid(5e2b63ee88aa8ca44ab82e99b89b49d6) Importer(815301076,1909f56bfc062723c751e8b465ee728b)  -> (artifact id: '64870f712833e8addc45453997f5bde8') in 0.003207 seconds 
========================================================================
Received Prepare
Refreshing native plugins compatible for Editor in 3.69 ms, found 2 plugins.
Preloading 0 native plugins for Editor in 0.00 ms.
Unloading 10 Unused Serialized files (Serialized files now loaded: 0)
System memory in use before: 46.6 MB.
System memory in use after: 46.6 MB.

Unloading 10 unused Assets to reduce memory usage. Loaded Objects now: 2230.
Total: 3.522400 ms (FindLiveObjects: 0.160700 ms CreateObjectMapping: 0.122700 ms MarkObjects: 3.172100 ms  DeleteObjects: 0.066300 ms)

AssetImportParameters requested are different than current active one (requested -> active):
  custom:framework-win-MediaFoundation: 216162199b28c13a410421893ffa2e32 -> 
  custom:video-decoder-ogg-theora: a1e56fd34408186e4bbccfd4996cb3dc -> 
  custom:container-muxer-webm: aa71ff27fc2769a1b78a27578f13a17b -> 
  custom:container-demuxer-webm: 4f35f7cbe854078d1ac9338744f61a02 -> 
  custom:container-demuxer-ogg: 62fdf1f143b41e24485cea50d1cbac27 -> 
  custom:video-encoder-webm-vp8: eb34c28f22e8b96e1ab97ce403110664 -> 
  custom:video-codec-MediaFoundation-h265: 746d11721c4dcdbdad8f713fa42b33f4 -> 
  custom:video-decoder-webm-vp8: 9c59270c3fd7afecdb556c50c9e8de78 -> 
  custom:audio-decoder-ogg-vorbis: bf7c407c2cedff20999df2af8eb42d56 -> 
  custom:audio-encoder-webm-vorbis: bf7c407c2cedff20999df2af8eb42d56 -> 
========================================================================
Received Import Request.
  Time since last request: 1333.351236 seconds.
  path: Packages/com.unity.xr.picoxr/Assets/Resources/grid.jpg
  artifactKey: Guid(02b48b9ce5077ab4dad3610ab31cec68) Importer(815301076,1909f56bfc062723c751e8b465ee728b)
Start importing Packages/com.unity.xr.picoxr/Assets/Resources/grid.jpg using Guid(02b48b9ce5077ab4dad3610ab31cec68) Importer(815301076,1909f56bfc062723c751e8b465ee728b)  -> (artifact id: 'b7acae9fc00582ae1e12e46b72e3eeeb') in 0.032283 seconds 
========================================================================
Received Import Request.
  Time since last request: 198.161774 seconds.
  path: Packages/com.unity.xr.picoxr/Assets/Resources/PXR_SDKSettingAsset.asset
  artifactKey: Guid(5e2b63ee88aa8ca44ab82e99b89b49d6) Importer(815301076,1909f56bfc062723c751e8b465ee728b)
Start importing Packages/com.unity.xr.picoxr/Assets/Resources/PXR_SDKSettingAsset.asset using Guid(5e2b63ee88aa8ca44ab82e99b89b49d6) Importer(815301076,1909f56bfc062723c751e8b465ee728b)  -> (artifact id: '2f5cfb796505a32e36942d1eafa2bcf4') in 0.006272 seconds 
========================================================================
Received Prepare
Refreshing native plugins compatible for Editor in 3.21 ms, found 2 plugins.
Preloading 0 native plugins for Editor in 0.00 ms.
Unloading 10 Unused Serialized files (Serialized files now loaded: 0)
System memory in use before: 46.6 MB.
System memory in use after: 46.7 MB.

Unloading 10 unused Assets to reduce memory usage. Loaded Objects now: 2230.
Total: 3.957100 ms (FindLiveObjects: 0.175800 ms CreateObjectMapping: 0.035000 ms MarkObjects: 3.667400 ms  DeleteObjects: 0.077700 ms)

AssetImportParameters requested are different than current active one (requested -> active):
  custom:framework-win-MediaFoundation: 216162199b28c13a410421893ffa2e32 -> 
  custom:video-decoder-ogg-theora: a1e56fd34408186e4bbccfd4996cb3dc -> 
  custom:container-muxer-webm: aa71ff27fc2769a1b78a27578f13a17b -> 
  custom:container-demuxer-webm: 4f35f7cbe854078d1ac9338744f61a02 -> 
  custom:container-demuxer-ogg: 62fdf1f143b41e24485cea50d1cbac27 -> 
  custom:video-encoder-webm-vp8: eb34c28f22e8b96e1ab97ce403110664 -> 
  custom:video-codec-MediaFoundation-h265: 746d11721c4dcdbdad8f713fa42b33f4 -> 
  custom:video-decoder-webm-vp8: 9c59270c3fd7afecdb556c50c9e8de78 -> 
  custom:audio-decoder-ogg-vorbis: bf7c407c2cedff20999df2af8eb42d56 -> 
  custom:audio-encoder-webm-vorbis: bf7c407c2cedff20999df2af8eb42d56 -> 
========================================================================
Received Import Request.
  Time since last request: 569.226101 seconds.
  path: Packages/com.unity.xr.picoxr/Assets/Resources
  artifactKey: Guid(5dcdbe56c29c68d4283319346098b525) Importer(815301076,1909f56bfc062723c751e8b465ee728b)
Start importing Packages/com.unity.xr.picoxr/Assets/Resources using Guid(5dcdbe56c29c68d4283319346098b525) Importer(815301076,1909f56bfc062723c751e8b465ee728b)  -> (artifact id: '058c70f3095ed42197acdccff6560956') in 0.011629 seconds 
========================================================================
Received Import Request.
  Time since last request: 17.198990 seconds.
  path: Packages/com.unity.xr.picoxr/Assets/Resources/Controller
  artifactKey: Guid(53d727b14f1f29c45b87f3f1395ab93e) Importer(815301076,1909f56bfc062723c751e8b465ee728b)
Start importing Packages/com.unity.xr.picoxr/Assets/Resources/Controller using Guid(53d727b14f1f29c45b87f3f1395ab93e) Importer(815301076,1909f56bfc062723c751e8b465ee728b)  -> (artifact id: 'b823d0bd70793467de1667febb0e1c78') in 0.004794 seconds 
========================================================================
Received Import Request.
  Time since last request: 0.070588 seconds.
  path: Packages/com.unity.xr.picoxr/Assets/Resources/Controller/G2.prefab
  artifactKey: Guid(721fb128f76bd9b42be548dae9181de3) Importer(815301076,1909f56bfc062723c751e8b465ee728b)
Start importing Packages/com.unity.xr.picoxr/Assets/Resources/Controller/G2.prefab using Guid(721fb128f76bd9b42be548dae9181de3) Importer(815301076,1909f56bfc062723c751e8b465ee728b)  -> (artifact id: '123394ef3d9ded5c6d52333c48ec0cd5') in 0.064742 seconds 
========================================================================
Received Import Request.
  Time since last request: 0.001502 seconds.
  path: Packages/com.unity.xr.picoxr/Assets/Resources/Controller/Neo2_L.prefab
  artifactKey: Guid(53aac5178bc9eac44b0aa803b9f189be) Importer(815301076,1909f56bfc062723c751e8b465ee728b)
Start importing Packages/com.unity.xr.picoxr/Assets/Resources/Controller/Neo2_L.prefab using Guid(53aac5178bc9eac44b0aa803b9f189be) Importer(815301076,1909f56bfc062723c751e8b465ee728b)  -> (artifact id: 'f66bf40c948cf3829cd52589ce58164d') in 0.050517 seconds 
========================================================================
Received Import Request.
  Time since last request: 0.001086 seconds.
  path: Packages/com.unity.xr.picoxr/Assets/Resources/Controller/generalMat.mat
  artifactKey: Guid(89c097421582fb84c9e6487bb4febd6f) Importer(815301076,1909f56bfc062723c751e8b465ee728b)
Start importing Packages/com.unity.xr.picoxr/Assets/Resources/Controller/generalMat.mat using Guid(89c097421582fb84c9e6487bb4febd6f) Importer(815301076,1909f56bfc062723c751e8b465ee728b)  -> (artifact id: 'bf763daafc7b096a352ca17b54cfed8f') in 0.013796 seconds 
========================================================================
Received Import Request.
  Time since last request: 0.001082 seconds.
  path: Packages/com.unity.xr.picoxr/Assets/Resources/Controller/Neo2_R.prefab
  artifactKey: Guid(9a799acc17167fa4cacc2e9a29cc4ba1) Importer(815301076,1909f56bfc062723c751e8b465ee728b)
Start importing Packages/com.unity.xr.picoxr/Assets/Resources/Controller/Neo2_R.prefab using Guid(9a799acc17167fa4cacc2e9a29cc4ba1) Importer(815301076,1909f56bfc062723c751e8b465ee728b)  -> (artifact id: 'b09fa02013eac2a31a1c5215bbb85144') in 0.015396 seconds 
========================================================================
Received Import Request.
  Time since last request: 0.001120 seconds.
  path: Packages/com.unity.xr.picoxr/Assets/Resources/Controller/tipsLine.png
  artifactKey: Guid(1acc422395fed4744ab13e3ce8119172) Importer(815301076,1909f56bfc062723c751e8b465ee728b)
Start importing Packages/com.unity.xr.picoxr/Assets/Resources/Controller/tipsLine.png using Guid(1acc422395fed4744ab13e3ce8119172) Importer(815301076,1909f56bfc062723c751e8b465ee728b)  -> (artifact id: '295c24a74357d6853cdd9883743bde1a') in 0.034262 seconds 
========================================================================
Received Import Request.
  Time since last request: 0.001001 seconds.
  path: Packages/com.unity.xr.picoxr/Assets/Resources/Controller/tipsBg.png
  artifactKey: Guid(4f1c7292315fd8f41bfda197d677a70f) Importer(815301076,1909f56bfc062723c751e8b465ee728b)
Start importing Packages/com.unity.xr.picoxr/Assets/Resources/Controller/tipsBg.png using Guid(4f1c7292315fd8f41bfda197d677a70f) Importer(815301076,1909f56bfc062723c751e8b465ee728b)  -> (artifact id: '40f8c64beb6095fc3aaefaefbf7bf49d') in 0.017457 seconds 
========================================================================
Received Import Request.
  Time since last request: 0.001078 seconds.
  path: Packages/com.unity.xr.picoxr/Assets/Resources/Controller/pptouch.mat
  artifactKey: Guid(381e178c87d30da419845322d9766b94) Importer(815301076,1909f56bfc062723c751e8b465ee728b)
Start importing Packages/com.unity.xr.picoxr/Assets/Resources/Controller/pptouch.mat using Guid(381e178c87d30da419845322d9766b94) Importer(815301076,1909f56bfc062723c751e8b465ee728b)  -> (artifact id: '01ee4c19d1b5b6a7afb05d312cf02319') in 0.023971 seconds 
========================================================================
Received Import Request.
  Time since last request: 0.000791 seconds.
  path: Packages/com.unity.xr.picoxr/Assets/Resources/Controller/Neo3_R.prefab
  artifactKey: Guid(50249800e4104084fb51ed64f7e56ffd) Importer(815301076,1909f56bfc062723c751e8b465ee728b)
Start importing Packages/com.unity.xr.picoxr/Assets/Resources/Controller/Neo3_R.prefab using Guid(50249800e4104084fb51ed64f7e56ffd) Importer(815301076,1909f56bfc062723c751e8b465ee728b)  -> (artifact id: '6f6896d4957083dbd37899328b708de9') in 0.023397 seconds 
========================================================================
Received Import Request.
  Time since last request: 0.001645 seconds.
  path: Packages/com.unity.xr.picoxr/Assets/Resources/Controller/Neo3_L.prefab
  artifactKey: Guid(ba669b48860575744a98e41d08391cd3) Importer(815301076,1909f56bfc062723c751e8b465ee728b)
Start importing Packages/com.unity.xr.picoxr/Assets/Resources/Controller/Neo3_L.prefab using Guid(ba669b48860575744a98e41d08391cd3) Importer(815301076,1909f56bfc062723c751e8b465ee728b)  -> (artifact id: '3639520961ff2dfad5d24f960d0fd0f6') in 0.016895 seconds 
========================================================================
Received Prepare
Refreshing native plugins compatible for Editor in 3.46 ms, found 2 plugins.
Preloading 0 native plugins for Editor in 0.00 ms.
Unloading 10 Unused Serialized files (Serialized files now loaded: 0)
System memory in use before: 47.2 MB.
System memory in use after: 47.3 MB.

Unloading 10 unused Assets to reduce memory usage. Loaded Objects now: 2237.
Total: 3.587900 ms (FindLiveObjects: 0.149200 ms CreateObjectMapping: 0.042600 ms MarkObjects: 3.289300 ms  DeleteObjects: 0.104800 ms)

AssetImportParameters requested are different than current active one (requested -> active):
  custom:framework-win-MediaFoundation: 216162199b28c13a410421893ffa2e32 -> 
  custom:video-decoder-ogg-theora: a1e56fd34408186e4bbccfd4996cb3dc -> 
  custom:container-muxer-webm: aa71ff27fc2769a1b78a27578f13a17b -> 
  custom:container-demuxer-webm: 4f35f7cbe854078d1ac9338744f61a02 -> 
  custom:container-demuxer-ogg: 62fdf1f143b41e24485cea50d1cbac27 -> 
  custom:video-encoder-webm-vp8: eb34c28f22e8b96e1ab97ce403110664 -> 
  custom:video-codec-MediaFoundation-h265: 746d11721c4dcdbdad8f713fa42b33f4 -> 
  custom:video-decoder-webm-vp8: 9c59270c3fd7afecdb556c50c9e8de78 -> 
  custom:audio-decoder-ogg-vorbis: bf7c407c2cedff20999df2af8eb42d56 -> 
  custom:audio-encoder-webm-vorbis: bf7c407c2cedff20999df2af8eb42d56 -> 
========================================================================
Received Prepare
Refreshing native plugins compatible for Editor in 3.03 ms, found 2 plugins.
Preloading 0 native plugins for Editor in 0.00 ms.
Unloading 10 Unused Serialized files (Serialized files now loaded: 0)
System memory in use before: 47.2 MB.
System memory in use after: 47.3 MB.

Unloading 10 unused Assets to reduce memory usage. Loaded Objects now: 2237.
Total: 5.565600 ms (FindLiveObjects: 0.275900 ms CreateObjectMapping: 0.064700 ms MarkObjects: 5.105200 ms  DeleteObjects: 0.118500 ms)

AssetImportParameters requested are different than current active one (requested -> active):
  custom:framework-win-MediaFoundation: 216162199b28c13a410421893ffa2e32 -> 
  custom:video-decoder-ogg-theora: a1e56fd34408186e4bbccfd4996cb3dc -> 
  custom:container-muxer-webm: aa71ff27fc2769a1b78a27578f13a17b -> 
  custom:container-demuxer-webm: 4f35f7cbe854078d1ac9338744f61a02 -> 
  custom:container-demuxer-ogg: 62fdf1f143b41e24485cea50d1cbac27 -> 
  custom:video-encoder-webm-vp8: eb34c28f22e8b96e1ab97ce403110664 -> 
  custom:video-codec-MediaFoundation-h265: 746d11721c4dcdbdad8f713fa42b33f4 -> 
  custom:video-decoder-webm-vp8: 9c59270c3fd7afecdb556c50c9e8de78 -> 
  custom:audio-decoder-ogg-vorbis: bf7c407c2cedff20999df2af8eb42d56 -> 
  custom:audio-encoder-webm-vorbis: bf7c407c2cedff20999df2af8eb42d56 -> 
========================================================================
Received Prepare
Refreshing native plugins compatible for Editor in 3.56 ms, found 2 plugins.
Preloading 0 native plugins for Editor in 0.00 ms.
Unloading 10 Unused Serialized files (Serialized files now loaded: 0)
System memory in use before: 47.2 MB.
System memory in use after: 47.3 MB.

Unloading 10 unused Assets to reduce memory usage. Loaded Objects now: 2237.
Total: 5.279000 ms (FindLiveObjects: 0.277800 ms CreateObjectMapping: 0.083800 ms MarkObjects: 4.839000 ms  DeleteObjects: 0.076900 ms)

AssetImportParameters requested are different than current active one (requested -> active):
  custom:framework-win-MediaFoundation: 216162199b28c13a410421893ffa2e32 -> 
  custom:video-decoder-ogg-theora: a1e56fd34408186e4bbccfd4996cb3dc -> 
  custom:container-muxer-webm: aa71ff27fc2769a1b78a27578f13a17b -> 
  custom:container-demuxer-webm: 4f35f7cbe854078d1ac9338744f61a02 -> 
  custom:container-demuxer-ogg: 62fdf1f143b41e24485cea50d1cbac27 -> 
  custom:video-encoder-webm-vp8: eb34c28f22e8b96e1ab97ce403110664 -> 
  custom:video-codec-MediaFoundation-h265: 746d11721c4dcdbdad8f713fa42b33f4 -> 
  custom:video-decoder-webm-vp8: 9c59270c3fd7afecdb556c50c9e8de78 -> 
  custom:audio-decoder-ogg-vorbis: bf7c407c2cedff20999df2af8eb42d56 -> 
  custom:audio-encoder-webm-vorbis: bf7c407c2cedff20999df2af8eb42d56 -> 
========================================================================
Received Prepare
Refreshing native plugins compatible for Editor in 3.23 ms, found 2 plugins.
Preloading 0 native plugins for Editor in 0.00 ms.
Unloading 10 Unused Serialized files (Serialized files now loaded: 0)
System memory in use before: 47.2 MB.
System memory in use after: 47.3 MB.

Unloading 10 unused Assets to reduce memory usage. Loaded Objects now: 2237.
Total: 3.068600 ms (FindLiveObjects: 0.161900 ms CreateObjectMapping: 0.036000 ms MarkObjects: 2.807300 ms  DeleteObjects: 0.062400 ms)

AssetImportParameters requested are different than current active one (requested -> active):
  custom:framework-win-MediaFoundation: 216162199b28c13a410421893ffa2e32 -> 
  custom:video-decoder-ogg-theora: a1e56fd34408186e4bbccfd4996cb3dc -> 
  custom:container-muxer-webm: aa71ff27fc2769a1b78a27578f13a17b -> 
  custom:container-demuxer-webm: 4f35f7cbe854078d1ac9338744f61a02 -> 
  custom:container-demuxer-ogg: 62fdf1f143b41e24485cea50d1cbac27 -> 
  custom:video-encoder-webm-vp8: eb34c28f22e8b96e1ab97ce403110664 -> 
  custom:video-codec-MediaFoundation-h265: 746d11721c4dcdbdad8f713fa42b33f4 -> 
  custom:video-decoder-webm-vp8: 9c59270c3fd7afecdb556c50c9e8de78 -> 
  custom:audio-decoder-ogg-vorbis: bf7c407c2cedff20999df2af8eb42d56 -> 
  custom:audio-encoder-webm-vorbis: bf7c407c2cedff20999df2af8eb42d56 -> 
AssetImportWorkerClient::OnTransportError - code=2 error=End of file
